2022-04-20 11:49:59,676:INFO:PyCaret AnomalyExperiment
2022-04-20 11:49:59,676:INFO:Logging name: anomaly-default-name
2022-04-20 11:49:59,676:INFO:ML Usecase: MLUsecase.ANOMALY
2022-04-20 11:49:59,676:INFO:version 3.0.0
2022-04-20 11:49:59,676:INFO:Initializing setup()
2022-04-20 11:49:59,676:INFO:setup(self=<pycaret.internal.pycaret_experiment.anomaly_experiment.AnomalyExperiment object at 0x7f9d96321d00>, target=None, train_size=0.7, test_data=None, preprocess=True, imputation_type=simple, iterative_imputation_iters=5, categorical_features=None, categorical_imputation=mode, categorical_iterative_imputer=lightgbm, ordinal_features=None, high_cardinality_features=None, high_cardinality_method=frequency, numeric_features=None, numeric_imputation=mean, numeric_iterative_imputer=lightgbm, date_features=None, ignore_features=['Timestamp'], normalize=True, normalize_method=zscore, transformation=False, transformation_method=yeo-johnson, handle_unknown_categorical=True, unknown_categorical_method=least_frequent, pca=False, pca_method=linear, pca_components=None, ignore_low_variance=False, combine_rare_levels=False, rare_level_threshold=0.1, bin_numeric_features=None, remove_outliers=False, outliers_threshold=0.05, remove_multicollinearity=False, multicollinearity_threshold=0.9, remove_perfect_collinearity=False, create_clusters=False, cluster_iter=20, polynomial_features=False, polynomial_degree=2, trigonometry_features=False, polynomial_threshold=0.1, group_features=None, group_names=None, feature_selection=False, feature_selection_threshold=0.8, feature_selection_method=classic, feature_interaction=False, feature_ratio=False, interaction_threshold=0.01, fix_imbalance=False, fix_imbalance_method=None, transform_target=False, transform_target_method=box-cox, data_split_shuffle=False, data_split_stratify=False, fold_strategy=kfold, fold=10, fh=1, fold_shuffle=False, fold_groups=None, n_jobs=-1, use_gpu=False, custom_pipeline=None, html=True, session_id=123, system_log=True, log_experiment=False, experiment_name=None, log_plots=False, log_profile=False, log_data=False, silent=False, verbose=True, profile=False, profile_kwargs=None, display=None)
2022-04-20 11:49:59,676:INFO:Checking environment
2022-04-20 11:49:59,676:INFO:python_version: 3.8.10
2022-04-20 11:49:59,676:INFO:python_build: ('default', 'Mar 15 2022 12:22:08')
2022-04-20 11:49:59,676:INFO:machine: x86_64
2022-04-20 11:49:59,677:INFO:platform: Linux-4.4.0-22000-Microsoft-x86_64-with-glibc2.29
2022-04-20 11:49:59,677:WARNING:cannot find psutil installation. memory not traceable. Install psutil using pip to enable memory logging.
2022-04-20 11:49:59,677:INFO:Checking libraries
2022-04-20 11:49:59,677:INFO:pd==1.4.1
2022-04-20 11:49:59,677:INFO:numpy==1.22.2
2022-04-20 11:49:59,677:INFO:sklearn==0.23.2
2022-04-20 11:49:59,677:INFO:lightgbm==3.3.2
2022-04-20 11:49:59,677:WARNING:xgboost not found
2022-04-20 11:49:59,677:WARNING:catboost not found
2022-04-20 11:50:01,626:INFO:mlflow==1.24.0
2022-04-20 11:50:01,626:INFO:Checking Exceptions
2022-04-20 11:50:01,626:INFO:Declaring global variables
2022-04-20 11:50:01,627:INFO:self.USI: 1bc1
2022-04-20 11:50:01,627:INFO:self.variable_keys: {'n_jobs_param', 'USI', '_ml_usecase', 'gpu_param', 'imputation_regressor', 'seed', 'logging_param', 'master_model_container', 'experiment__', '_all_models_internal', 'log_plots_param', 'X', 'prep_pipe', '_internal_pipeline', '_all_metrics', '_gpu_n_jobs_param', 'display_container', '_all_models', 'data_before_preprocess', 'imputation_classifier', 'exp_id', 'exp_name_log', 'iterative_imputation_iters_param', 'variable_keys', '_available_plots', 'html_param'}
2022-04-20 11:50:01,627:INFO:Preparing display monitor
2022-04-20 11:50:01,627:INFO:Preparing display monitor
2022-04-20 11:50:01,652:INFO:Importing libraries
2022-04-20 11:50:01,652:INFO:Copying data for preprocessing
2022-04-20 11:50:01,660:INFO:Declaring preprocessing parameters
2022-04-20 11:50:02,183:INFO:Creating preprocessing pipeline
2022-04-20 11:50:02,187:INFO:Preprocessing pipeline created successfully
2022-04-20 11:50:02,188:ERROR:(Process Exit): setup has been interupted with user command 'quit'. setup must rerun.
2022-04-20 11:50:02,188:INFO:Creating global containers
2022-04-20 11:50:02,197:INFO:Internal pipeline: Pipeline(memory=None, steps=[('empty_step', 'passthrough')], verbose=False)
2022-04-20 11:50:08,708:INFO:Creating grid variables
2022-04-20 11:50:08,720:INFO:self.master_model_container: 0
2022-04-20 11:50:08,720:INFO:self.display_container: 1
2022-04-20 11:50:08,724:INFO:Pipeline(memory=None,
         steps=[('dtypes',
                 DataTypes_Auto_infer(categorical_features=[],
                                      display_types=True,
                                      features_todrop=['Timestamp'],
                                      float_dtype='float32', id_columns=[],
                                      ml_usecase='regression',
                                      numerical_features=[],
                                      target='UNSUPERVISED_DUMMY_TARGET',
                                      time_features=[])),
                ('imputer',
                 Simple_Imputer(categorical_strategy='most frequent',
                                fill_value_categoric...
                ('P_transform', 'passthrough'), ('binn', 'passthrough'),
                ('rem_outliers', 'passthrough'), ('cluster_all', 'passthrough'),
                ('dummy', Dummify(target='UNSUPERVISED_DUMMY_TARGET')),
                ('fix_perfect', 'passthrough'),
                ('clean_names', Clean_Colum_Names()),
                ('feature_select', 'passthrough'), ('fix_multi', 'passthrough'),
                ('dfs', 'passthrough'), ('pca', 'passthrough')],
         verbose=False)
2022-04-20 11:50:08,724:INFO:setup() successfully completed......................................
2022-04-20 11:50:55,585:INFO:Initializing load_model()
2022-04-20 11:50:55,585:INFO:load_model(model_name=SavedModels/IFOREST100322CN_GP03_new, platform=None, authentication=None, verbose=True)
2022-04-20 11:50:55,627:INFO:Initializing predict_model()
2022-04-20 11:50:55,627:INFO:predict_model(self=<pycaret.internal.pycaret_experiment.anomaly_experiment.AnomalyExperiment object at 0x7f9d96321d00>, estimator=Pipeline(memory=None,
         steps=[('dtypes',
                 DataTypes_Auto_infer(categorical_features=[],
                                      display_types=True,
                                      features_todrop=['Timestamp'],
                                      float_dtype=None, id_columns=[],
                                      ml_usecase='regression',
                                      numerical_features=[],
                                      target='UNSUPERVISED_DUMMY_TARGET',
                                      time_features=[])),
                ('imputer',
                 Simple_Imputer(categorical_strategy='most frequent',
                                fill_value_categorical=No...
                ('fix_perfect', 'passthrough'),
                ('clean_names', Clean_Colum_Names()),
                ('feature_select', 'passthrough'), ('fix_multi', 'passthrough'),
                ('dfs', 'passthrough'), ('pca', 'passthrough'),
                ['trained_model',
                 IForest(behaviour='new', bootstrap=False, contamination=0.05,
    max_features=1.0, max_samples='auto', n_estimators=100, n_jobs=-1,
    random_state=123, verbose=0)]],
         verbose=False), ml_usecase=None)
2022-04-20 11:55:41,407:INFO:Initializing load_model()
2022-04-20 11:55:41,408:INFO:load_model(model_name=SavedModels/IFOREST100322CN_GP03, platform=None, authentication=None, verbose=True)
2022-04-20 11:55:41,453:INFO:Initializing predict_model()
2022-04-20 11:55:41,453:INFO:predict_model(self=<pycaret.internal.pycaret_experiment.anomaly_experiment.AnomalyExperiment object at 0x7f9d96321d00>, estimator=Pipeline(memory=None,
         steps=[('dtypes',
                 DataTypes_Auto_infer(categorical_features=[],
                                      display_types=True,
                                      features_todrop=['Timestamp'],
                                      float_dtype=None, id_columns=[],
                                      ml_usecase='regression',
                                      numerical_features=[],
                                      target='UNSUPERVISED_DUMMY_TARGET',
                                      time_features=[])),
                ('imputer',
                 Simple_Imputer(categorical_strategy='most frequent',
                                fill_value_categorical=No...
                ('fix_perfect', 'passthrough'),
                ('clean_names', Clean_Colum_Names()),
                ('feature_select', 'passthrough'), ('fix_multi', 'passthrough'),
                ('dfs', 'passthrough'), ('pca', 'passthrough'),
                ['trained_model',
                 IForest(behaviour='new', bootstrap=False, contamination=0.05,
    max_features=1.0, max_samples='auto', n_estimators=100, n_jobs=-1,
    random_state=123, verbose=0)]],
         verbose=False), ml_usecase=None)
2022-04-20 11:56:45,243:INFO:PyCaret AnomalyExperiment
2022-04-20 11:56:45,243:INFO:Logging name: anomaly-default-name
2022-04-20 11:56:45,243:INFO:ML Usecase: MLUsecase.ANOMALY
2022-04-20 11:56:45,243:INFO:version 3.0.0
2022-04-20 11:56:45,243:INFO:Initializing setup()
2022-04-20 11:56:45,243:INFO:setup(self=<pycaret.internal.pycaret_experiment.anomaly_experiment.AnomalyExperiment object at 0x7f9d960930a0>, target=None, train_size=0.7, test_data=None, preprocess=True, imputation_type=simple, iterative_imputation_iters=5, categorical_features=None, categorical_imputation=mode, categorical_iterative_imputer=lightgbm, ordinal_features=None, high_cardinality_features=None, high_cardinality_method=frequency, numeric_features=None, numeric_imputation=mean, numeric_iterative_imputer=lightgbm, date_features=None, ignore_features=['Timestamp'], normalize=True, normalize_method=zscore, transformation=False, transformation_method=yeo-johnson, handle_unknown_categorical=True, unknown_categorical_method=least_frequent, pca=False, pca_method=linear, pca_components=None, ignore_low_variance=False, combine_rare_levels=False, rare_level_threshold=0.1, bin_numeric_features=None, remove_outliers=False, outliers_threshold=0.05, remove_multicollinearity=False, multicollinearity_threshold=0.9, remove_perfect_collinearity=False, create_clusters=False, cluster_iter=20, polynomial_features=False, polynomial_degree=2, trigonometry_features=False, polynomial_threshold=0.1, group_features=None, group_names=None, feature_selection=False, feature_selection_threshold=0.8, feature_selection_method=classic, feature_interaction=False, feature_ratio=False, interaction_threshold=0.01, fix_imbalance=False, fix_imbalance_method=None, transform_target=False, transform_target_method=box-cox, data_split_shuffle=False, data_split_stratify=False, fold_strategy=kfold, fold=10, fh=1, fold_shuffle=False, fold_groups=None, n_jobs=-1, use_gpu=False, custom_pipeline=None, html=True, session_id=123, system_log=True, log_experiment=False, experiment_name=None, log_plots=False, log_profile=False, log_data=False, silent=False, verbose=True, profile=False, profile_kwargs=None, display=None)
2022-04-20 11:56:45,243:INFO:Checking environment
2022-04-20 11:56:45,244:INFO:python_version: 3.8.10
2022-04-20 11:56:45,244:INFO:python_build: ('default', 'Mar 15 2022 12:22:08')
2022-04-20 11:56:45,244:INFO:machine: x86_64
2022-04-20 11:56:45,244:INFO:platform: Linux-4.4.0-22000-Microsoft-x86_64-with-glibc2.29
2022-04-20 11:56:45,244:WARNING:cannot find psutil installation. memory not traceable. Install psutil using pip to enable memory logging.
2022-04-20 11:56:45,245:INFO:Checking libraries
2022-04-20 11:56:45,245:INFO:pd==1.4.1
2022-04-20 11:56:45,245:INFO:numpy==1.22.2
2022-04-20 11:56:45,245:INFO:sklearn==0.23.2
2022-04-20 11:56:45,245:INFO:lightgbm==3.3.2
2022-04-20 11:56:45,245:WARNING:xgboost not found
2022-04-20 11:56:45,245:WARNING:catboost not found
2022-04-20 11:56:45,245:INFO:mlflow==1.24.0
2022-04-20 11:56:45,245:INFO:Checking Exceptions
2022-04-20 11:56:45,245:INFO:Declaring global variables
2022-04-20 11:56:45,245:INFO:self.USI: e2ce
2022-04-20 11:56:45,245:INFO:self.variable_keys: {'n_jobs_param', 'USI', '_ml_usecase', 'gpu_param', 'imputation_regressor', 'seed', 'logging_param', 'master_model_container', 'experiment__', '_all_models_internal', 'log_plots_param', 'X', 'prep_pipe', '_internal_pipeline', '_all_metrics', '_gpu_n_jobs_param', 'display_container', '_all_models', 'data_before_preprocess', 'imputation_classifier', 'exp_id', 'exp_name_log', 'iterative_imputation_iters_param', 'variable_keys', '_available_plots', 'html_param'}
2022-04-20 11:56:45,245:INFO:Preparing display monitor
2022-04-20 11:56:45,245:INFO:Preparing display monitor
2022-04-20 11:56:45,256:INFO:Importing libraries
2022-04-20 11:56:45,256:INFO:Copying data for preprocessing
2022-04-20 11:56:45,264:INFO:Declaring preprocessing parameters
2022-04-20 11:56:45,284:INFO:Creating preprocessing pipeline
2022-04-20 11:56:45,289:INFO:Preprocessing pipeline created successfully
2022-04-20 11:56:45,289:ERROR:(Process Exit): setup has been interupted with user command 'quit'. setup must rerun.
2022-04-20 11:56:45,290:INFO:Creating global containers
2022-04-20 11:56:45,290:INFO:Internal pipeline: Pipeline(memory=None, steps=[('empty_step', 'passthrough')], verbose=False)
2022-04-20 11:59:56,405:INFO:PyCaret AnomalyExperiment
2022-04-20 11:59:56,406:INFO:Logging name: anomaly-default-name
2022-04-20 11:59:56,406:INFO:ML Usecase: MLUsecase.ANOMALY
2022-04-20 11:59:56,406:INFO:version 3.0.0
2022-04-20 11:59:56,406:INFO:Initializing setup()
2022-04-20 11:59:56,406:INFO:setup(self=<pycaret.internal.pycaret_experiment.anomaly_experiment.AnomalyExperiment object at 0x7f9d955b4fd0>, target=None, train_size=0.7, test_data=None, preprocess=True, imputation_type=simple, iterative_imputation_iters=5, categorical_features=None, categorical_imputation=mode, categorical_iterative_imputer=lightgbm, ordinal_features=None, high_cardinality_features=None, high_cardinality_method=frequency, numeric_features=None, numeric_imputation=mean, numeric_iterative_imputer=lightgbm, date_features=None, ignore_features=['Timestamp'], normalize=True, normalize_method=zscore, transformation=False, transformation_method=yeo-johnson, handle_unknown_categorical=True, unknown_categorical_method=least_frequent, pca=False, pca_method=linear, pca_components=None, ignore_low_variance=False, combine_rare_levels=False, rare_level_threshold=0.1, bin_numeric_features=None, remove_outliers=False, outliers_threshold=0.05, remove_multicollinearity=False, multicollinearity_threshold=0.9, remove_perfect_collinearity=False, create_clusters=False, cluster_iter=20, polynomial_features=False, polynomial_degree=2, trigonometry_features=False, polynomial_threshold=0.1, group_features=None, group_names=None, feature_selection=False, feature_selection_threshold=0.8, feature_selection_method=classic, feature_interaction=False, feature_ratio=False, interaction_threshold=0.01, fix_imbalance=False, fix_imbalance_method=None, transform_target=False, transform_target_method=box-cox, data_split_shuffle=False, data_split_stratify=False, fold_strategy=kfold, fold=10, fh=1, fold_shuffle=False, fold_groups=None, n_jobs=-1, use_gpu=False, custom_pipeline=None, html=True, session_id=123, system_log=True, log_experiment=False, experiment_name=None, log_plots=False, log_profile=False, log_data=False, silent=False, verbose=True, profile=False, profile_kwargs=None, display=None)
2022-04-20 11:59:56,406:INFO:Checking environment
2022-04-20 11:59:56,406:INFO:python_version: 3.8.10
2022-04-20 11:59:56,406:INFO:python_build: ('default', 'Mar 15 2022 12:22:08')
2022-04-20 11:59:56,406:INFO:machine: x86_64
2022-04-20 11:59:56,406:INFO:platform: Linux-4.4.0-22000-Microsoft-x86_64-with-glibc2.29
2022-04-20 11:59:56,406:WARNING:cannot find psutil installation. memory not traceable. Install psutil using pip to enable memory logging.
2022-04-20 11:59:56,406:INFO:Checking libraries
2022-04-20 11:59:56,406:INFO:pd==1.4.1
2022-04-20 11:59:56,406:INFO:numpy==1.22.2
2022-04-20 11:59:56,406:INFO:sklearn==0.23.2
2022-04-20 11:59:56,407:INFO:lightgbm==3.3.2
2022-04-20 11:59:56,407:WARNING:xgboost not found
2022-04-20 11:59:56,407:WARNING:catboost not found
2022-04-20 11:59:56,407:INFO:mlflow==1.24.0
2022-04-20 11:59:56,407:INFO:Checking Exceptions
2022-04-20 11:59:56,407:INFO:Declaring global variables
2022-04-20 11:59:56,407:INFO:self.USI: 1f40
2022-04-20 11:59:56,407:INFO:self.variable_keys: {'n_jobs_param', 'USI', '_ml_usecase', 'gpu_param', 'imputation_regressor', 'seed', 'logging_param', 'master_model_container', 'experiment__', '_all_models_internal', 'log_plots_param', 'X', 'prep_pipe', '_internal_pipeline', '_all_metrics', '_gpu_n_jobs_param', 'display_container', '_all_models', 'data_before_preprocess', 'imputation_classifier', 'exp_id', 'exp_name_log', 'iterative_imputation_iters_param', 'variable_keys', '_available_plots', 'html_param'}
2022-04-20 11:59:56,407:INFO:Preparing display monitor
2022-04-20 11:59:56,407:INFO:Preparing display monitor
2022-04-20 11:59:56,418:INFO:Importing libraries
2022-04-20 11:59:56,418:INFO:Copying data for preprocessing
2022-04-20 11:59:56,427:INFO:Declaring preprocessing parameters
2022-04-20 11:59:56,444:INFO:Creating preprocessing pipeline
2022-04-20 11:59:56,449:INFO:Preprocessing pipeline created successfully
2022-04-20 11:59:56,449:ERROR:(Process Exit): setup has been interupted with user command 'quit'. setup must rerun.
2022-04-20 11:59:56,449:INFO:Creating global containers
2022-04-20 11:59:56,450:INFO:Internal pipeline: Pipeline(memory=None, steps=[('empty_step', 'passthrough')], verbose=False)
2022-04-20 12:00:50,125:INFO:PyCaret AnomalyExperiment
2022-04-20 12:00:50,125:INFO:Logging name: anomaly-default-name
2022-04-20 12:00:50,125:INFO:ML Usecase: MLUsecase.ANOMALY
2022-04-20 12:00:50,125:INFO:version 3.0.0
2022-04-20 12:00:50,125:INFO:Initializing setup()
2022-04-20 12:00:50,125:INFO:setup(self=<pycaret.internal.pycaret_experiment.anomaly_experiment.AnomalyExperiment object at 0x7f9d906732e0>, target=None, train_size=0.7, test_data=None, preprocess=True, imputation_type=simple, iterative_imputation_iters=5, categorical_features=None, categorical_imputation=mode, categorical_iterative_imputer=lightgbm, ordinal_features=None, high_cardinality_features=None, high_cardinality_method=frequency, numeric_features=None, numeric_imputation=mean, numeric_iterative_imputer=lightgbm, date_features=None, ignore_features=['Timestamp'], normalize=True, normalize_method=zscore, transformation=False, transformation_method=yeo-johnson, handle_unknown_categorical=True, unknown_categorical_method=least_frequent, pca=False, pca_method=linear, pca_components=None, ignore_low_variance=False, combine_rare_levels=False, rare_level_threshold=0.1, bin_numeric_features=None, remove_outliers=False, outliers_threshold=0.05, remove_multicollinearity=False, multicollinearity_threshold=0.9, remove_perfect_collinearity=False, create_clusters=False, cluster_iter=20, polynomial_features=False, polynomial_degree=2, trigonometry_features=False, polynomial_threshold=0.1, group_features=None, group_names=None, feature_selection=False, feature_selection_threshold=0.8, feature_selection_method=classic, feature_interaction=False, feature_ratio=False, interaction_threshold=0.01, fix_imbalance=False, fix_imbalance_method=None, transform_target=False, transform_target_method=box-cox, data_split_shuffle=False, data_split_stratify=False, fold_strategy=kfold, fold=10, fh=1, fold_shuffle=False, fold_groups=None, n_jobs=-1, use_gpu=False, custom_pipeline=None, html=True, session_id=123, system_log=True, log_experiment=False, experiment_name=None, log_plots=False, log_profile=False, log_data=False, silent=False, verbose=True, profile=False, profile_kwargs=None, display=None)
2022-04-20 12:00:50,125:INFO:Checking environment
2022-04-20 12:00:50,125:INFO:python_version: 3.8.10
2022-04-20 12:00:50,125:INFO:python_build: ('default', 'Mar 15 2022 12:22:08')
2022-04-20 12:00:50,125:INFO:machine: x86_64
2022-04-20 12:00:50,126:INFO:platform: Linux-4.4.0-22000-Microsoft-x86_64-with-glibc2.29
2022-04-20 12:00:50,126:WARNING:cannot find psutil installation. memory not traceable. Install psutil using pip to enable memory logging.
2022-04-20 12:00:50,126:INFO:Checking libraries
2022-04-20 12:00:50,126:INFO:pd==1.4.1
2022-04-20 12:00:50,126:INFO:numpy==1.22.2
2022-04-20 12:00:50,126:INFO:sklearn==0.23.2
2022-04-20 12:00:50,126:INFO:lightgbm==3.3.2
2022-04-20 12:00:50,126:WARNING:xgboost not found
2022-04-20 12:00:50,126:WARNING:catboost not found
2022-04-20 12:00:50,126:INFO:mlflow==1.24.0
2022-04-20 12:00:50,126:INFO:Checking Exceptions
2022-04-20 12:00:50,127:INFO:Declaring global variables
2022-04-20 12:00:50,127:INFO:self.USI: 033c
2022-04-20 12:00:50,127:INFO:self.variable_keys: {'n_jobs_param', 'USI', '_ml_usecase', 'gpu_param', 'imputation_regressor', 'seed', 'logging_param', 'master_model_container', 'experiment__', '_all_models_internal', 'log_plots_param', 'X', 'prep_pipe', '_internal_pipeline', '_all_metrics', '_gpu_n_jobs_param', 'display_container', '_all_models', 'data_before_preprocess', 'imputation_classifier', 'exp_id', 'exp_name_log', 'iterative_imputation_iters_param', 'variable_keys', '_available_plots', 'html_param'}
2022-04-20 12:00:50,127:INFO:Preparing display monitor
2022-04-20 12:00:50,127:INFO:Preparing display monitor
2022-04-20 12:00:50,137:INFO:Importing libraries
2022-04-20 12:00:50,138:INFO:Copying data for preprocessing
2022-04-20 12:00:50,145:INFO:Declaring preprocessing parameters
2022-04-20 12:00:50,163:INFO:Creating preprocessing pipeline
2022-04-20 12:00:50,169:INFO:Preprocessing pipeline created successfully
2022-04-20 12:00:50,169:ERROR:(Process Exit): setup has been interupted with user command 'quit'. setup must rerun.
2022-04-20 12:00:50,170:INFO:Creating global containers
2022-04-20 12:00:50,170:INFO:Internal pipeline: Pipeline(memory=None, steps=[('empty_step', 'passthrough')], verbose=False)
2022-04-20 12:00:56,524:INFO:Creating grid variables
2022-04-20 12:00:56,533:INFO:self.master_model_container: 0
2022-04-20 12:00:56,533:INFO:self.display_container: 1
2022-04-20 12:00:56,538:INFO:Pipeline(memory=None,
         steps=[('dtypes',
                 DataTypes_Auto_infer(categorical_features=[],
                                      display_types=True,
                                      features_todrop=['Timestamp'],
                                      float_dtype='float32', id_columns=[],
                                      ml_usecase='regression',
                                      numerical_features=[],
                                      target='UNSUPERVISED_DUMMY_TARGET',
                                      time_features=[])),
                ('imputer',
                 Simple_Imputer(categorical_strategy='most frequent',
                                fill_value_categoric...
                ('P_transform', 'passthrough'), ('binn', 'passthrough'),
                ('rem_outliers', 'passthrough'), ('cluster_all', 'passthrough'),
                ('dummy', Dummify(target='UNSUPERVISED_DUMMY_TARGET')),
                ('fix_perfect', 'passthrough'),
                ('clean_names', Clean_Colum_Names()),
                ('feature_select', 'passthrough'), ('fix_multi', 'passthrough'),
                ('dfs', 'passthrough'), ('pca', 'passthrough')],
         verbose=False)
2022-04-20 12:00:56,538:INFO:setup() successfully completed......................................
2022-04-20 12:03:21,794:INFO:Initializing load_model()
2022-04-20 12:03:21,794:INFO:load_model(model_name=SavedModels/IFOREST100322CN_GP03_new, platform=None, authentication=None, verbose=True)
2022-04-20 12:03:21,841:INFO:Initializing predict_model()
2022-04-20 12:03:21,842:INFO:predict_model(self=<pycaret.internal.pycaret_experiment.anomaly_experiment.AnomalyExperiment object at 0x7f9d906732e0>, estimator=Pipeline(memory=None,
         steps=[('dtypes',
                 DataTypes_Auto_infer(categorical_features=[],
                                      display_types=True,
                                      features_todrop=['Timestamp'],
                                      float_dtype=None, id_columns=[],
                                      ml_usecase='regression',
                                      numerical_features=[],
                                      target='UNSUPERVISED_DUMMY_TARGET',
                                      time_features=[])),
                ('imputer',
                 Simple_Imputer(categorical_strategy='most frequent',
                                fill_value_categorical=No...
                ('fix_perfect', 'passthrough'),
                ('clean_names', Clean_Colum_Names()),
                ('feature_select', 'passthrough'), ('fix_multi', 'passthrough'),
                ('dfs', 'passthrough'), ('pca', 'passthrough'),
                ['trained_model',
                 IForest(behaviour='new', bootstrap=False, contamination=0.05,
    max_features=1.0, max_samples='auto', n_estimators=100, n_jobs=-1,
    random_state=123, verbose=0)]],
         verbose=False), ml_usecase=None)
2022-04-20 12:06:01,326:INFO:Initializing load_model()
2022-04-20 12:06:01,327:INFO:load_model(model_name=SavedModels/IFOREST100322CN_GP03_new, platform=None, authentication=None, verbose=True)
2022-04-20 12:06:01,368:INFO:Initializing predict_model()
2022-04-20 12:06:01,368:INFO:predict_model(self=<pycaret.internal.pycaret_experiment.anomaly_experiment.AnomalyExperiment object at 0x7f9d906732e0>, estimator=Pipeline(memory=None,
         steps=[('dtypes',
                 DataTypes_Auto_infer(categorical_features=[],
                                      display_types=True,
                                      features_todrop=['Timestamp'],
                                      float_dtype=None, id_columns=[],
                                      ml_usecase='regression',
                                      numerical_features=[],
                                      target='UNSUPERVISED_DUMMY_TARGET',
                                      time_features=[])),
                ('imputer',
                 Simple_Imputer(categorical_strategy='most frequent',
                                fill_value_categorical=No...
                ('fix_perfect', 'passthrough'),
                ('clean_names', Clean_Colum_Names()),
                ('feature_select', 'passthrough'), ('fix_multi', 'passthrough'),
                ('dfs', 'passthrough'), ('pca', 'passthrough'),
                ['trained_model',
                 IForest(behaviour='new', bootstrap=False, contamination=0.05,
    max_features=1.0, max_samples='auto', n_estimators=100, n_jobs=-1,
    random_state=123, verbose=0)]],
         verbose=False), ml_usecase=None)
2022-04-20 12:08:02,221:INFO:PyCaret AnomalyExperiment
2022-04-20 12:08:02,221:INFO:Logging name: anomaly-default-name
2022-04-20 12:08:02,221:INFO:ML Usecase: MLUsecase.ANOMALY
2022-04-20 12:08:02,221:INFO:version 3.0.0
2022-04-20 12:08:02,221:INFO:Initializing setup()
2022-04-20 12:08:02,221:INFO:setup(self=<pycaret.internal.pycaret_experiment.anomaly_experiment.AnomalyExperiment object at 0x7f9d9077c040>, target=None, train_size=0.7, test_data=None, preprocess=True, imputation_type=simple, iterative_imputation_iters=5, categorical_features=None, categorical_imputation=mode, categorical_iterative_imputer=lightgbm, ordinal_features=None, high_cardinality_features=None, high_cardinality_method=frequency, numeric_features=None, numeric_imputation=mean, numeric_iterative_imputer=lightgbm, date_features=None, ignore_features=['Timestamp'], normalize=True, normalize_method=zscore, transformation=False, transformation_method=yeo-johnson, handle_unknown_categorical=True, unknown_categorical_method=least_frequent, pca=False, pca_method=linear, pca_components=None, ignore_low_variance=False, combine_rare_levels=False, rare_level_threshold=0.1, bin_numeric_features=None, remove_outliers=False, outliers_threshold=0.05, remove_multicollinearity=False, multicollinearity_threshold=0.9, remove_perfect_collinearity=False, create_clusters=False, cluster_iter=20, polynomial_features=False, polynomial_degree=2, trigonometry_features=False, polynomial_threshold=0.1, group_features=None, group_names=None, feature_selection=False, feature_selection_threshold=0.8, feature_selection_method=classic, feature_interaction=False, feature_ratio=False, interaction_threshold=0.01, fix_imbalance=False, fix_imbalance_method=None, transform_target=False, transform_target_method=box-cox, data_split_shuffle=False, data_split_stratify=False, fold_strategy=kfold, fold=10, fh=1, fold_shuffle=False, fold_groups=None, n_jobs=-1, use_gpu=False, custom_pipeline=None, html=True, session_id=123, system_log=True, log_experiment=False, experiment_name=None, log_plots=False, log_profile=False, log_data=False, silent=False, verbose=True, profile=False, profile_kwargs=None, display=None)
2022-04-20 12:08:02,222:INFO:Checking environment
2022-04-20 12:08:02,222:INFO:python_version: 3.8.10
2022-04-20 12:08:02,222:INFO:python_build: ('default', 'Mar 15 2022 12:22:08')
2022-04-20 12:08:02,222:INFO:machine: x86_64
2022-04-20 12:08:02,222:INFO:platform: Linux-4.4.0-22000-Microsoft-x86_64-with-glibc2.29
2022-04-20 12:08:02,222:WARNING:cannot find psutil installation. memory not traceable. Install psutil using pip to enable memory logging.
2022-04-20 12:08:02,222:INFO:Checking libraries
2022-04-20 12:08:02,222:INFO:pd==1.4.1
2022-04-20 12:08:02,222:INFO:numpy==1.22.2
2022-04-20 12:08:02,222:INFO:sklearn==0.23.2
2022-04-20 12:08:02,223:INFO:lightgbm==3.3.2
2022-04-20 12:08:02,223:WARNING:xgboost not found
2022-04-20 12:08:02,224:WARNING:catboost not found
2022-04-20 12:08:02,224:INFO:mlflow==1.24.0
2022-04-20 12:08:02,224:INFO:Checking Exceptions
2022-04-20 12:08:02,224:INFO:Declaring global variables
2022-04-20 12:08:02,224:INFO:self.USI: 52c0
2022-04-20 12:08:02,224:INFO:self.variable_keys: {'n_jobs_param', 'USI', '_ml_usecase', 'gpu_param', 'imputation_regressor', 'seed', 'logging_param', 'master_model_container', 'experiment__', '_all_models_internal', 'log_plots_param', 'X', 'prep_pipe', '_internal_pipeline', '_all_metrics', '_gpu_n_jobs_param', 'display_container', '_all_models', 'data_before_preprocess', 'imputation_classifier', 'exp_id', 'exp_name_log', 'iterative_imputation_iters_param', 'variable_keys', '_available_plots', 'html_param'}
2022-04-20 12:08:02,224:INFO:Preparing display monitor
2022-04-20 12:08:02,224:INFO:Preparing display monitor
2022-04-20 12:08:02,238:INFO:Importing libraries
2022-04-20 12:08:02,238:INFO:Copying data for preprocessing
2022-04-20 12:08:02,247:INFO:Declaring preprocessing parameters
2022-04-20 12:08:02,265:INFO:Creating preprocessing pipeline
2022-04-20 12:08:02,271:INFO:Preprocessing pipeline created successfully
2022-04-20 12:08:02,272:ERROR:(Process Exit): setup has been interupted with user command 'quit'. setup must rerun.
2022-04-20 12:08:02,272:INFO:Creating global containers
2022-04-20 12:08:02,272:INFO:Internal pipeline: Pipeline(memory=None, steps=[('empty_step', 'passthrough')], verbose=False)
2022-04-20 12:08:19,903:INFO:PyCaret AnomalyExperiment
2022-04-20 12:08:19,903:INFO:Logging name: anomaly-default-name
2022-04-20 12:08:19,903:INFO:ML Usecase: MLUsecase.ANOMALY
2022-04-20 12:08:19,903:INFO:version 3.0.0
2022-04-20 12:08:19,903:INFO:Initializing setup()
2022-04-20 12:08:19,903:INFO:setup(self=<pycaret.internal.pycaret_experiment.anomaly_experiment.AnomalyExperiment object at 0x7f9d9076df40>, target=None, train_size=0.7, test_data=None, preprocess=True, imputation_type=simple, iterative_imputation_iters=5, categorical_features=None, categorical_imputation=mode, categorical_iterative_imputer=lightgbm, ordinal_features=None, high_cardinality_features=None, high_cardinality_method=frequency, numeric_features=None, numeric_imputation=mean, numeric_iterative_imputer=lightgbm, date_features=None, ignore_features=['Timestamp'], normalize=True, normalize_method=zscore, transformation=False, transformation_method=yeo-johnson, handle_unknown_categorical=True, unknown_categorical_method=least_frequent, pca=False, pca_method=linear, pca_components=None, ignore_low_variance=False, combine_rare_levels=False, rare_level_threshold=0.1, bin_numeric_features=None, remove_outliers=False, outliers_threshold=0.05, remove_multicollinearity=False, multicollinearity_threshold=0.9, remove_perfect_collinearity=False, create_clusters=False, cluster_iter=20, polynomial_features=False, polynomial_degree=2, trigonometry_features=False, polynomial_threshold=0.1, group_features=None, group_names=None, feature_selection=False, feature_selection_threshold=0.8, feature_selection_method=classic, feature_interaction=False, feature_ratio=False, interaction_threshold=0.01, fix_imbalance=False, fix_imbalance_method=None, transform_target=False, transform_target_method=box-cox, data_split_shuffle=False, data_split_stratify=False, fold_strategy=kfold, fold=10, fh=1, fold_shuffle=False, fold_groups=None, n_jobs=-1, use_gpu=False, custom_pipeline=None, html=True, session_id=123, system_log=True, log_experiment=False, experiment_name=None, log_plots=False, log_profile=False, log_data=False, silent=False, verbose=True, profile=False, profile_kwargs=None, display=None)
2022-04-20 12:08:19,903:INFO:Checking environment
2022-04-20 12:08:19,903:INFO:python_version: 3.8.10
2022-04-20 12:08:19,903:INFO:python_build: ('default', 'Mar 15 2022 12:22:08')
2022-04-20 12:08:19,903:INFO:machine: x86_64
2022-04-20 12:08:19,903:INFO:platform: Linux-4.4.0-22000-Microsoft-x86_64-with-glibc2.29
2022-04-20 12:08:19,903:WARNING:cannot find psutil installation. memory not traceable. Install psutil using pip to enable memory logging.
2022-04-20 12:08:19,904:INFO:Checking libraries
2022-04-20 12:08:19,904:INFO:pd==1.4.1
2022-04-20 12:08:19,904:INFO:numpy==1.22.2
2022-04-20 12:08:19,904:INFO:sklearn==0.23.2
2022-04-20 12:08:19,904:INFO:lightgbm==3.3.2
2022-04-20 12:08:19,904:WARNING:xgboost not found
2022-04-20 12:08:19,904:WARNING:catboost not found
2022-04-20 12:08:19,904:INFO:mlflow==1.24.0
2022-04-20 12:08:19,904:INFO:Checking Exceptions
2022-04-20 12:08:19,904:INFO:Declaring global variables
2022-04-20 12:08:19,904:INFO:self.USI: b3e7
2022-04-20 12:08:19,905:INFO:self.variable_keys: {'n_jobs_param', 'USI', '_ml_usecase', 'gpu_param', 'imputation_regressor', 'seed', 'logging_param', 'master_model_container', 'experiment__', '_all_models_internal', 'log_plots_param', 'X', 'prep_pipe', '_internal_pipeline', '_all_metrics', '_gpu_n_jobs_param', 'display_container', '_all_models', 'data_before_preprocess', 'imputation_classifier', 'exp_id', 'exp_name_log', 'iterative_imputation_iters_param', 'variable_keys', '_available_plots', 'html_param'}
2022-04-20 12:08:19,905:INFO:Preparing display monitor
2022-04-20 12:08:19,905:INFO:Preparing display monitor
2022-04-20 12:08:19,919:INFO:Importing libraries
2022-04-20 12:08:19,919:INFO:Copying data for preprocessing
2022-04-20 12:08:19,928:INFO:Declaring preprocessing parameters
2022-04-20 12:08:19,951:INFO:Creating preprocessing pipeline
2022-04-20 12:08:19,957:INFO:Preprocessing pipeline created successfully
2022-04-20 12:08:19,958:ERROR:(Process Exit): setup has been interupted with user command 'quit'. setup must rerun.
2022-04-20 12:08:19,958:INFO:Creating global containers
2022-04-20 12:08:19,958:INFO:Internal pipeline: Pipeline(memory=None, steps=[('empty_step', 'passthrough')], verbose=False)
2022-04-20 12:09:25,972:INFO:PyCaret AnomalyExperiment
2022-04-20 12:09:25,972:INFO:Logging name: anomaly-default-name
2022-04-20 12:09:25,972:INFO:ML Usecase: MLUsecase.ANOMALY
2022-04-20 12:09:25,972:INFO:version 3.0.0
2022-04-20 12:09:25,972:INFO:Initializing setup()
2022-04-20 12:09:25,973:INFO:setup(self=<pycaret.internal.pycaret_experiment.anomaly_experiment.AnomalyExperiment object at 0x7f9d919e6dc0>, target=None, train_size=0.7, test_data=None, preprocess=True, imputation_type=simple, iterative_imputation_iters=5, categorical_features=None, categorical_imputation=mode, categorical_iterative_imputer=lightgbm, ordinal_features=None, high_cardinality_features=None, high_cardinality_method=frequency, numeric_features=None, numeric_imputation=mean, numeric_iterative_imputer=lightgbm, date_features=None, ignore_features=['Timestamp'], normalize=True, normalize_method=zscore, transformation=False, transformation_method=yeo-johnson, handle_unknown_categorical=True, unknown_categorical_method=least_frequent, pca=False, pca_method=linear, pca_components=None, ignore_low_variance=False, combine_rare_levels=False, rare_level_threshold=0.1, bin_numeric_features=None, remove_outliers=False, outliers_threshold=0.05, remove_multicollinearity=False, multicollinearity_threshold=0.9, remove_perfect_collinearity=False, create_clusters=False, cluster_iter=20, polynomial_features=False, polynomial_degree=2, trigonometry_features=False, polynomial_threshold=0.1, group_features=None, group_names=None, feature_selection=False, feature_selection_threshold=0.8, feature_selection_method=classic, feature_interaction=False, feature_ratio=False, interaction_threshold=0.01, fix_imbalance=False, fix_imbalance_method=None, transform_target=False, transform_target_method=box-cox, data_split_shuffle=False, data_split_stratify=False, fold_strategy=kfold, fold=10, fh=1, fold_shuffle=False, fold_groups=None, n_jobs=-1, use_gpu=False, custom_pipeline=None, html=True, session_id=123, system_log=True, log_experiment=False, experiment_name=None, log_plots=False, log_profile=False, log_data=False, silent=False, verbose=True, profile=False, profile_kwargs=None, display=None)
2022-04-20 12:09:25,973:INFO:Checking environment
2022-04-20 12:09:25,973:INFO:python_version: 3.8.10
2022-04-20 12:09:25,973:INFO:python_build: ('default', 'Mar 15 2022 12:22:08')
2022-04-20 12:09:25,973:INFO:machine: x86_64
2022-04-20 12:09:25,973:INFO:platform: Linux-4.4.0-22000-Microsoft-x86_64-with-glibc2.29
2022-04-20 12:09:25,973:WARNING:cannot find psutil installation. memory not traceable. Install psutil using pip to enable memory logging.
2022-04-20 12:09:25,974:INFO:Checking libraries
2022-04-20 12:09:25,974:INFO:pd==1.4.1
2022-04-20 12:09:25,974:INFO:numpy==1.22.2
2022-04-20 12:09:25,974:INFO:sklearn==0.23.2
2022-04-20 12:09:25,974:INFO:lightgbm==3.3.2
2022-04-20 12:09:25,974:WARNING:xgboost not found
2022-04-20 12:09:25,974:WARNING:catboost not found
2022-04-20 12:09:25,975:INFO:mlflow==1.24.0
2022-04-20 12:09:25,975:INFO:Checking Exceptions
2022-04-20 12:09:25,975:INFO:Declaring global variables
2022-04-20 12:09:25,975:INFO:self.USI: 4dae
2022-04-20 12:09:25,975:INFO:self.variable_keys: {'n_jobs_param', 'USI', '_ml_usecase', 'gpu_param', 'imputation_regressor', 'seed', 'logging_param', 'master_model_container', 'experiment__', '_all_models_internal', 'log_plots_param', 'X', 'prep_pipe', '_internal_pipeline', '_all_metrics', '_gpu_n_jobs_param', 'display_container', '_all_models', 'data_before_preprocess', 'imputation_classifier', 'exp_id', 'exp_name_log', 'iterative_imputation_iters_param', 'variable_keys', '_available_plots', 'html_param'}
2022-04-20 12:09:25,975:INFO:Preparing display monitor
2022-04-20 12:09:25,975:INFO:Preparing display monitor
2022-04-20 12:09:25,989:INFO:Importing libraries
2022-04-20 12:09:25,989:INFO:Copying data for preprocessing
2022-04-20 12:09:26,001:INFO:Declaring preprocessing parameters
2022-04-20 12:09:26,025:INFO:Creating preprocessing pipeline
2022-04-20 12:09:26,030:INFO:Preprocessing pipeline created successfully
2022-04-20 12:09:26,030:ERROR:(Process Exit): setup has been interupted with user command 'quit'. setup must rerun.
2022-04-20 12:09:26,030:INFO:Creating global containers
2022-04-20 12:09:26,031:INFO:Internal pipeline: Pipeline(memory=None, steps=[('empty_step', 'passthrough')], verbose=False)
2022-04-20 12:09:42,708:INFO:PyCaret AnomalyExperiment
2022-04-20 12:09:42,709:INFO:Logging name: anomaly-default-name
2022-04-20 12:09:42,709:INFO:ML Usecase: MLUsecase.ANOMALY
2022-04-20 12:09:42,709:INFO:version 3.0.0
2022-04-20 12:09:42,709:INFO:Initializing setup()
2022-04-20 12:09:42,709:INFO:setup(self=<pycaret.internal.pycaret_experiment.anomaly_experiment.AnomalyExperiment object at 0x7f9d953b08e0>, target=None, train_size=0.7, test_data=None, preprocess=True, imputation_type=simple, iterative_imputation_iters=5, categorical_features=None, categorical_imputation=mode, categorical_iterative_imputer=lightgbm, ordinal_features=None, high_cardinality_features=None, high_cardinality_method=frequency, numeric_features=None, numeric_imputation=mean, numeric_iterative_imputer=lightgbm, date_features=None, ignore_features=['Timestamp'], normalize=True, normalize_method=zscore, transformation=False, transformation_method=yeo-johnson, handle_unknown_categorical=True, unknown_categorical_method=least_frequent, pca=False, pca_method=linear, pca_components=None, ignore_low_variance=False, combine_rare_levels=False, rare_level_threshold=0.1, bin_numeric_features=None, remove_outliers=False, outliers_threshold=0.05, remove_multicollinearity=False, multicollinearity_threshold=0.9, remove_perfect_collinearity=False, create_clusters=False, cluster_iter=20, polynomial_features=False, polynomial_degree=2, trigonometry_features=False, polynomial_threshold=0.1, group_features=None, group_names=None, feature_selection=False, feature_selection_threshold=0.8, feature_selection_method=classic, feature_interaction=False, feature_ratio=False, interaction_threshold=0.01, fix_imbalance=False, fix_imbalance_method=None, transform_target=False, transform_target_method=box-cox, data_split_shuffle=False, data_split_stratify=False, fold_strategy=kfold, fold=10, fh=1, fold_shuffle=False, fold_groups=None, n_jobs=-1, use_gpu=False, custom_pipeline=None, html=True, session_id=123, system_log=True, log_experiment=False, experiment_name=None, log_plots=False, log_profile=False, log_data=False, silent=False, verbose=True, profile=False, profile_kwargs=None, display=None)
2022-04-20 12:09:42,709:INFO:Checking environment
2022-04-20 12:09:42,710:INFO:python_version: 3.8.10
2022-04-20 12:09:42,710:INFO:python_build: ('default', 'Mar 15 2022 12:22:08')
2022-04-20 12:09:42,710:INFO:machine: x86_64
2022-04-20 12:09:42,710:INFO:platform: Linux-4.4.0-22000-Microsoft-x86_64-with-glibc2.29
2022-04-20 12:09:42,710:WARNING:cannot find psutil installation. memory not traceable. Install psutil using pip to enable memory logging.
2022-04-20 12:09:42,711:INFO:Checking libraries
2022-04-20 12:09:42,711:INFO:pd==1.4.1
2022-04-20 12:09:42,711:INFO:numpy==1.22.2
2022-04-20 12:09:42,711:INFO:sklearn==0.23.2
2022-04-20 12:09:42,711:INFO:lightgbm==3.3.2
2022-04-20 12:09:42,711:WARNING:xgboost not found
2022-04-20 12:09:42,712:WARNING:catboost not found
2022-04-20 12:09:42,712:INFO:mlflow==1.24.0
2022-04-20 12:09:42,712:INFO:Checking Exceptions
2022-04-20 12:09:42,712:INFO:Declaring global variables
2022-04-20 12:09:42,712:INFO:self.USI: d03c
2022-04-20 12:09:42,712:INFO:self.variable_keys: {'n_jobs_param', 'USI', '_ml_usecase', 'gpu_param', 'imputation_regressor', 'seed', 'logging_param', 'master_model_container', 'experiment__', '_all_models_internal', 'log_plots_param', 'X', 'prep_pipe', '_internal_pipeline', '_all_metrics', '_gpu_n_jobs_param', 'display_container', '_all_models', 'data_before_preprocess', 'imputation_classifier', 'exp_id', 'exp_name_log', 'iterative_imputation_iters_param', 'variable_keys', '_available_plots', 'html_param'}
2022-04-20 12:09:42,712:INFO:Preparing display monitor
2022-04-20 12:09:42,713:INFO:Preparing display monitor
2022-04-20 12:09:42,728:INFO:Importing libraries
2022-04-20 12:09:42,728:INFO:Copying data for preprocessing
2022-04-20 12:09:42,739:INFO:Declaring preprocessing parameters
2022-04-20 12:09:42,762:INFO:Creating preprocessing pipeline
2022-04-20 12:09:42,769:INFO:Preprocessing pipeline created successfully
2022-04-20 12:09:42,769:ERROR:(Process Exit): setup has been interupted with user command 'quit'. setup must rerun.
2022-04-20 12:09:42,769:INFO:Creating global containers
2022-04-20 12:09:42,770:INFO:Internal pipeline: Pipeline(memory=None, steps=[('empty_step', 'passthrough')], verbose=False)
2022-04-20 12:09:48,364:INFO:Creating grid variables
2022-04-20 12:09:48,375:INFO:self.master_model_container: 0
2022-04-20 12:09:48,376:INFO:self.display_container: 1
2022-04-20 12:09:48,380:INFO:Pipeline(memory=None,
         steps=[('dtypes',
                 DataTypes_Auto_infer(categorical_features=[],
                                      display_types=True,
                                      features_todrop=['Timestamp'],
                                      float_dtype='float32', id_columns=[],
                                      ml_usecase='regression',
                                      numerical_features=[],
                                      target='UNSUPERVISED_DUMMY_TARGET',
                                      time_features=[])),
                ('imputer',
                 Simple_Imputer(categorical_strategy='most frequent',
                                fill_value_categoric...
                ('P_transform', 'passthrough'), ('binn', 'passthrough'),
                ('rem_outliers', 'passthrough'), ('cluster_all', 'passthrough'),
                ('dummy', Dummify(target='UNSUPERVISED_DUMMY_TARGET')),
                ('fix_perfect', 'passthrough'),
                ('clean_names', Clean_Colum_Names()),
                ('feature_select', 'passthrough'), ('fix_multi', 'passthrough'),
                ('dfs', 'passthrough'), ('pca', 'passthrough')],
         verbose=False)
2022-04-20 12:09:48,380:INFO:setup() successfully completed......................................
2022-04-20 12:09:56,928:INFO:Initializing load_model()
2022-04-20 12:09:56,928:INFO:load_model(model_name=SavedModels/IFOREST100322CN_GP03_new, platform=None, authentication=None, verbose=True)
2022-04-20 12:09:56,973:INFO:Initializing predict_model()
2022-04-20 12:09:56,974:INFO:predict_model(self=<pycaret.internal.pycaret_experiment.anomaly_experiment.AnomalyExperiment object at 0x7f9d953b08e0>, estimator=Pipeline(memory=None,
         steps=[('dtypes',
                 DataTypes_Auto_infer(categorical_features=[],
                                      display_types=True,
                                      features_todrop=['Timestamp'],
                                      float_dtype=None, id_columns=[],
                                      ml_usecase='regression',
                                      numerical_features=[],
                                      target='UNSUPERVISED_DUMMY_TARGET',
                                      time_features=[])),
                ('imputer',
                 Simple_Imputer(categorical_strategy='most frequent',
                                fill_value_categorical=No...
                ('fix_perfect', 'passthrough'),
                ('clean_names', Clean_Colum_Names()),
                ('feature_select', 'passthrough'), ('fix_multi', 'passthrough'),
                ('dfs', 'passthrough'), ('pca', 'passthrough'),
                ['trained_model',
                 IForest(behaviour='new', bootstrap=False, contamination=0.05,
    max_features=1.0, max_samples='auto', n_estimators=100, n_jobs=-1,
    random_state=123, verbose=0)]],
         verbose=False), ml_usecase=None)
2022-04-20 12:10:50,490:INFO:PyCaret AnomalyExperiment
2022-04-20 12:10:50,490:INFO:Logging name: anomaly-default-name
2022-04-20 12:10:50,490:INFO:ML Usecase: MLUsecase.ANOMALY
2022-04-20 12:10:50,490:INFO:version 3.0.0
2022-04-20 12:10:50,490:INFO:Initializing setup()
2022-04-20 12:10:50,490:INFO:setup(self=<pycaret.internal.pycaret_experiment.anomaly_experiment.AnomalyExperiment object at 0x7f9d8f571b80>, target=None, train_size=0.7, test_data=None, preprocess=True, imputation_type=simple, iterative_imputation_iters=5, categorical_features=None, categorical_imputation=mode, categorical_iterative_imputer=lightgbm, ordinal_features=None, high_cardinality_features=None, high_cardinality_method=frequency, numeric_features=None, numeric_imputation=mean, numeric_iterative_imputer=lightgbm, date_features=None, ignore_features=['Timestamp'], normalize=True, normalize_method=zscore, transformation=False, transformation_method=yeo-johnson, handle_unknown_categorical=True, unknown_categorical_method=least_frequent, pca=False, pca_method=linear, pca_components=None, ignore_low_variance=False, combine_rare_levels=False, rare_level_threshold=0.1, bin_numeric_features=None, remove_outliers=False, outliers_threshold=0.05, remove_multicollinearity=False, multicollinearity_threshold=0.9, remove_perfect_collinearity=False, create_clusters=False, cluster_iter=20, polynomial_features=False, polynomial_degree=2, trigonometry_features=False, polynomial_threshold=0.1, group_features=None, group_names=None, feature_selection=False, feature_selection_threshold=0.8, feature_selection_method=classic, feature_interaction=False, feature_ratio=False, interaction_threshold=0.01, fix_imbalance=False, fix_imbalance_method=None, transform_target=False, transform_target_method=box-cox, data_split_shuffle=False, data_split_stratify=False, fold_strategy=kfold, fold=10, fh=1, fold_shuffle=False, fold_groups=None, n_jobs=-1, use_gpu=False, custom_pipeline=None, html=True, session_id=123, system_log=True, log_experiment=False, experiment_name=None, log_plots=False, log_profile=False, log_data=False, silent=False, verbose=True, profile=False, profile_kwargs=None, display=None)
2022-04-20 12:10:50,490:INFO:Checking environment
2022-04-20 12:10:50,490:INFO:python_version: 3.8.10
2022-04-20 12:10:50,490:INFO:python_build: ('default', 'Mar 15 2022 12:22:08')
2022-04-20 12:10:50,490:INFO:machine: x86_64
2022-04-20 12:10:50,491:INFO:platform: Linux-4.4.0-22000-Microsoft-x86_64-with-glibc2.29
2022-04-20 12:10:50,491:WARNING:cannot find psutil installation. memory not traceable. Install psutil using pip to enable memory logging.
2022-04-20 12:10:50,491:INFO:Checking libraries
2022-04-20 12:10:50,491:INFO:pd==1.4.1
2022-04-20 12:10:50,491:INFO:numpy==1.22.2
2022-04-20 12:10:50,491:INFO:sklearn==0.23.2
2022-04-20 12:10:50,491:INFO:lightgbm==3.3.2
2022-04-20 12:10:50,491:WARNING:xgboost not found
2022-04-20 12:10:50,491:WARNING:catboost not found
2022-04-20 12:10:50,492:INFO:mlflow==1.24.0
2022-04-20 12:10:50,492:INFO:Checking Exceptions
2022-04-20 12:10:50,492:INFO:Declaring global variables
2022-04-20 12:10:50,492:INFO:self.USI: c3ae
2022-04-20 12:10:50,492:INFO:self.variable_keys: {'n_jobs_param', 'USI', '_ml_usecase', 'gpu_param', 'imputation_regressor', 'seed', 'logging_param', 'master_model_container', 'experiment__', '_all_models_internal', 'log_plots_param', 'X', 'prep_pipe', '_internal_pipeline', '_all_metrics', '_gpu_n_jobs_param', 'display_container', '_all_models', 'data_before_preprocess', 'imputation_classifier', 'exp_id', 'exp_name_log', 'iterative_imputation_iters_param', 'variable_keys', '_available_plots', 'html_param'}
2022-04-20 12:10:50,492:INFO:Preparing display monitor
2022-04-20 12:10:50,492:INFO:Preparing display monitor
2022-04-20 12:10:50,504:INFO:Importing libraries
2022-04-20 12:10:50,504:INFO:Copying data for preprocessing
2022-04-20 12:10:50,511:INFO:Declaring preprocessing parameters
2022-04-20 12:10:50,532:INFO:Creating preprocessing pipeline
2022-04-20 12:10:50,536:INFO:Preprocessing pipeline created successfully
2022-04-20 12:10:50,536:ERROR:(Process Exit): setup has been interupted with user command 'quit'. setup must rerun.
2022-04-20 12:10:50,537:INFO:Creating global containers
2022-04-20 12:10:50,537:INFO:Internal pipeline: Pipeline(memory=None, steps=[('empty_step', 'passthrough')], verbose=False)
2022-04-20 12:10:54,348:INFO:Creating grid variables
2022-04-20 12:10:54,356:INFO:self.master_model_container: 0
2022-04-20 12:10:54,356:INFO:self.display_container: 1
2022-04-20 12:10:54,360:INFO:Pipeline(memory=None,
         steps=[('dtypes',
                 DataTypes_Auto_infer(categorical_features=[],
                                      display_types=True,
                                      features_todrop=['Timestamp'],
                                      float_dtype='float32', id_columns=[],
                                      ml_usecase='regression',
                                      numerical_features=[],
                                      target='UNSUPERVISED_DUMMY_TARGET',
                                      time_features=[])),
                ('imputer',
                 Simple_Imputer(categorical_strategy='most frequent',
                                fill_value_categoric...
                ('P_transform', 'passthrough'), ('binn', 'passthrough'),
                ('rem_outliers', 'passthrough'), ('cluster_all', 'passthrough'),
                ('dummy', Dummify(target='UNSUPERVISED_DUMMY_TARGET')),
                ('fix_perfect', 'passthrough'),
                ('clean_names', Clean_Colum_Names()),
                ('feature_select', 'passthrough'), ('fix_multi', 'passthrough'),
                ('dfs', 'passthrough'), ('pca', 'passthrough')],
         verbose=False)
2022-04-20 12:10:54,360:INFO:setup() successfully completed......................................
2022-04-20 12:11:03,927:INFO:Initializing load_model()
2022-04-20 12:11:03,927:INFO:load_model(model_name=SavedModels/IFOREST100322CN_GP03_new, platform=None, authentication=None, verbose=True)
2022-04-20 12:11:03,978:INFO:Initializing predict_model()
2022-04-20 12:11:03,978:INFO:predict_model(self=<pycaret.internal.pycaret_experiment.anomaly_experiment.AnomalyExperiment object at 0x7f9d8f571b80>, estimator=Pipeline(memory=None,
         steps=[('dtypes',
                 DataTypes_Auto_infer(categorical_features=[],
                                      display_types=True,
                                      features_todrop=['Timestamp'],
                                      float_dtype=None, id_columns=[],
                                      ml_usecase='regression',
                                      numerical_features=[],
                                      target='UNSUPERVISED_DUMMY_TARGET',
                                      time_features=[])),
                ('imputer',
                 Simple_Imputer(categorical_strategy='most frequent',
                                fill_value_categorical=No...
                ('fix_perfect', 'passthrough'),
                ('clean_names', Clean_Colum_Names()),
                ('feature_select', 'passthrough'), ('fix_multi', 'passthrough'),
                ('dfs', 'passthrough'), ('pca', 'passthrough'),
                ['trained_model',
                 IForest(behaviour='new', bootstrap=False, contamination=0.05,
    max_features=1.0, max_samples='auto', n_estimators=100, n_jobs=-1,
    random_state=123, verbose=0)]],
         verbose=False), ml_usecase=None)
2022-04-20 12:14:08,260:INFO:PyCaret AnomalyExperiment
2022-04-20 12:14:08,260:INFO:Logging name: anomaly-default-name
2022-04-20 12:14:08,260:INFO:ML Usecase: MLUsecase.ANOMALY
2022-04-20 12:14:08,261:INFO:version 3.0.0
2022-04-20 12:14:08,261:INFO:Initializing setup()
2022-04-20 12:14:08,261:INFO:setup(self=<pycaret.internal.pycaret_experiment.anomaly_experiment.AnomalyExperiment object at 0x7f9d8f06f490>, target=None, train_size=0.7, test_data=None, preprocess=True, imputation_type=simple, iterative_imputation_iters=5, categorical_features=None, categorical_imputation=mode, categorical_iterative_imputer=lightgbm, ordinal_features=None, high_cardinality_features=None, high_cardinality_method=frequency, numeric_features=None, numeric_imputation=mean, numeric_iterative_imputer=lightgbm, date_features=None, ignore_features=['Timestamp'], normalize=True, normalize_method=zscore, transformation=False, transformation_method=yeo-johnson, handle_unknown_categorical=True, unknown_categorical_method=least_frequent, pca=False, pca_method=linear, pca_components=None, ignore_low_variance=False, combine_rare_levels=False, rare_level_threshold=0.1, bin_numeric_features=None, remove_outliers=False, outliers_threshold=0.05, remove_multicollinearity=False, multicollinearity_threshold=0.9, remove_perfect_collinearity=False, create_clusters=False, cluster_iter=20, polynomial_features=False, polynomial_degree=2, trigonometry_features=False, polynomial_threshold=0.1, group_features=None, group_names=None, feature_selection=False, feature_selection_threshold=0.8, feature_selection_method=classic, feature_interaction=False, feature_ratio=False, interaction_threshold=0.01, fix_imbalance=False, fix_imbalance_method=None, transform_target=False, transform_target_method=box-cox, data_split_shuffle=False, data_split_stratify=False, fold_strategy=kfold, fold=10, fh=1, fold_shuffle=False, fold_groups=None, n_jobs=-1, use_gpu=False, custom_pipeline=None, html=True, session_id=123, system_log=True, log_experiment=False, experiment_name=None, log_plots=False, log_profile=False, log_data=False, silent=False, verbose=True, profile=False, profile_kwargs=None, display=None)
2022-04-20 12:14:08,261:INFO:Checking environment
2022-04-20 12:14:08,261:INFO:python_version: 3.8.10
2022-04-20 12:14:08,261:INFO:python_build: ('default', 'Mar 15 2022 12:22:08')
2022-04-20 12:14:08,261:INFO:machine: x86_64
2022-04-20 12:14:08,261:INFO:platform: Linux-4.4.0-22000-Microsoft-x86_64-with-glibc2.29
2022-04-20 12:14:08,261:WARNING:cannot find psutil installation. memory not traceable. Install psutil using pip to enable memory logging.
2022-04-20 12:14:08,261:INFO:Checking libraries
2022-04-20 12:14:08,261:INFO:pd==1.4.1
2022-04-20 12:14:08,262:INFO:numpy==1.22.2
2022-04-20 12:14:08,262:INFO:sklearn==0.23.2
2022-04-20 12:14:08,262:INFO:lightgbm==3.3.2
2022-04-20 12:14:08,262:WARNING:xgboost not found
2022-04-20 12:14:08,262:WARNING:catboost not found
2022-04-20 12:14:08,262:INFO:mlflow==1.24.0
2022-04-20 12:14:08,262:INFO:Checking Exceptions
2022-04-20 12:14:08,262:INFO:Declaring global variables
2022-04-20 12:14:08,262:INFO:self.USI: 9a8f
2022-04-20 12:14:08,263:INFO:self.variable_keys: {'n_jobs_param', 'USI', '_ml_usecase', 'gpu_param', 'imputation_regressor', 'seed', 'logging_param', 'master_model_container', 'experiment__', '_all_models_internal', 'log_plots_param', 'X', 'prep_pipe', '_internal_pipeline', '_all_metrics', '_gpu_n_jobs_param', 'display_container', '_all_models', 'data_before_preprocess', 'imputation_classifier', 'exp_id', 'exp_name_log', 'iterative_imputation_iters_param', 'variable_keys', '_available_plots', 'html_param'}
2022-04-20 12:14:08,263:INFO:Preparing display monitor
2022-04-20 12:14:08,263:INFO:Preparing display monitor
2022-04-20 12:14:08,273:INFO:Importing libraries
2022-04-20 12:14:08,273:INFO:Copying data for preprocessing
2022-04-20 12:14:08,282:INFO:Declaring preprocessing parameters
2022-04-20 12:14:08,299:INFO:Creating preprocessing pipeline
2022-04-20 12:14:08,303:INFO:Preprocessing pipeline created successfully
2022-04-20 12:14:08,303:ERROR:(Process Exit): setup has been interupted with user command 'quit'. setup must rerun.
2022-04-20 12:14:08,303:INFO:Creating global containers
2022-04-20 12:14:08,304:INFO:Internal pipeline: Pipeline(memory=None, steps=[('empty_step', 'passthrough')], verbose=False)
2022-04-20 12:14:13,849:INFO:Creating grid variables
2022-04-20 12:14:13,857:INFO:self.master_model_container: 0
2022-04-20 12:14:13,857:INFO:self.display_container: 1
2022-04-20 12:14:13,862:INFO:Pipeline(memory=None,
         steps=[('dtypes',
                 DataTypes_Auto_infer(categorical_features=[],
                                      display_types=True,
                                      features_todrop=['Timestamp'],
                                      float_dtype='float32', id_columns=[],
                                      ml_usecase='regression',
                                      numerical_features=[],
                                      target='UNSUPERVISED_DUMMY_TARGET',
                                      time_features=[])),
                ('imputer',
                 Simple_Imputer(categorical_strategy='most frequent',
                                fill_value_categoric...
                ('P_transform', 'passthrough'), ('binn', 'passthrough'),
                ('rem_outliers', 'passthrough'), ('cluster_all', 'passthrough'),
                ('dummy', Dummify(target='UNSUPERVISED_DUMMY_TARGET')),
                ('fix_perfect', 'passthrough'),
                ('clean_names', Clean_Colum_Names()),
                ('feature_select', 'passthrough'), ('fix_multi', 'passthrough'),
                ('dfs', 'passthrough'), ('pca', 'passthrough')],
         verbose=False)
2022-04-20 12:14:13,862:INFO:setup() successfully completed......................................
2022-04-20 12:14:21,371:INFO:Initializing load_model()
2022-04-20 12:14:21,372:INFO:load_model(model_name=SavedModels/IFOREST100322CN_GP03_new, platform=None, authentication=None, verbose=True)
2022-04-20 12:14:21,414:INFO:Initializing predict_model()
2022-04-20 12:14:21,414:INFO:predict_model(self=<pycaret.internal.pycaret_experiment.anomaly_experiment.AnomalyExperiment object at 0x7f9d8f06f490>, estimator=Pipeline(memory=None,
         steps=[('dtypes',
                 DataTypes_Auto_infer(categorical_features=[],
                                      display_types=True,
                                      features_todrop=['Timestamp'],
                                      float_dtype=None, id_columns=[],
                                      ml_usecase='regression',
                                      numerical_features=[],
                                      target='UNSUPERVISED_DUMMY_TARGET',
                                      time_features=[])),
                ('imputer',
                 Simple_Imputer(categorical_strategy='most frequent',
                                fill_value_categorical=No...
                ('fix_perfect', 'passthrough'),
                ('clean_names', Clean_Colum_Names()),
                ('feature_select', 'passthrough'), ('fix_multi', 'passthrough'),
                ('dfs', 'passthrough'), ('pca', 'passthrough'),
                ['trained_model',
                 IForest(behaviour='new', bootstrap=False, contamination=0.05,
    max_features=1.0, max_samples='auto', n_estimators=100, n_jobs=-1,
    random_state=123, verbose=0)]],
         verbose=False), ml_usecase=None)
2022-04-20 12:16:33,017:INFO:Initializing plot_model()
2022-04-20 12:16:33,017:INFO:plot_model(fold=None, use_train_data=False, verbose=True, display=None, display_format=None, estimator=Pipeline(memory=None,
         steps=[('dtypes',
                 DataTypes_Auto_infer(categorical_features=[],
                                      display_types=True,
                                      features_todrop=['Timestamp'],
                                      float_dtype=None, id_columns=[],
                                      ml_usecase='regression',
                                      numerical_features=[],
                                      target='UNSUPERVISED_DUMMY_TARGET',
                                      time_features=[])),
                ('imputer',
                 Simple_Imputer(categorical_strategy='most frequent',
                                fill_value_categorical=No...
                ('fix_perfect', 'passthrough'),
                ('clean_names', Clean_Colum_Names()),
                ('feature_select', 'passthrough'), ('fix_multi', 'passthrough'),
                ('dfs', 'passthrough'), ('pca', 'passthrough'),
                ['trained_model',
                 IForest(behaviour='new', bootstrap=False, contamination=0.05,
    max_features=1.0, max_samples='auto', n_estimators=100, n_jobs=-1,
    random_state=123, verbose=0)]],
         verbose=False), feature_name=None, fit_kwargs=None, groups=None, label=False, plot=umap, save=False, scale=1, self=<pycaret.internal.pycaret_experiment.anomaly_experiment.AnomalyExperiment object at 0x7f9d8f06f490>, system=True)
2022-04-20 12:16:33,018:INFO:Checking exceptions
2022-04-20 12:31:10,315:INFO:Initializing plot_model()
2022-04-20 12:31:10,315:INFO:plot_model(fold=None, use_train_data=False, verbose=True, display=None, display_format=None, estimator=Pipeline(memory=None,
         steps=[('dtypes',
                 DataTypes_Auto_infer(categorical_features=[],
                                      display_types=True,
                                      features_todrop=['Timestamp'],
                                      float_dtype=None, id_columns=[],
                                      ml_usecase='regression',
                                      numerical_features=[],
                                      target='UNSUPERVISED_DUMMY_TARGET',
                                      time_features=[])),
                ('imputer',
                 Simple_Imputer(categorical_strategy='most frequent',
                                fill_value_categorical=No...
                ('fix_perfect', 'passthrough'),
                ('clean_names', Clean_Colum_Names()),
                ('feature_select', 'passthrough'), ('fix_multi', 'passthrough'),
                ('dfs', 'passthrough'), ('pca', 'passthrough'),
                ['trained_model',
                 IForest(behaviour='new', bootstrap=False, contamination=0.05,
    max_features=1.0, max_samples='auto', n_estimators=100, n_jobs=-1,
    random_state=123, verbose=0)]],
         verbose=False), feature_name=None, fit_kwargs=None, groups=None, label=False, plot=umap, save=False, scale=1, self=<pycaret.internal.pycaret_experiment.anomaly_experiment.AnomalyExperiment object at 0x7f9d8f06f490>, system=True)
2022-04-20 12:31:10,316:INFO:Checking exceptions
